The target system is: Generic -  - aarch64
The host system is: Linux - 6.8.0-101-generic - x86_64
Compiling the C compiler identification source file "CMakeCCompilerId.c" succeeded.
Compiler: /home/zee/x-tools/aarch64-rpi3-linux-gnu/bin/aarch64-rpi3-linux-gnu-gcc 
Build flags: 
Id flags:  

The output was:
0


Compilation of the C compiler identification source "CMakeCCompilerId.c" produced "a.out"

The C compiler identification is GNU, found in "/home/zee/ITI_Files/linux/Embedded-Linux/EmbeddedLinux/4_U-boot_BareMetal/build/CMakeFiles/3.22.1/CompilerIdC/a.out"

Checking whether the ASM compiler is GNU using "--version" matched "(GNU assembler)|(GCC)|(Free Software Foundation)":
aarch64-rpi3-linux-gnu-gcc (crosstool-NG 1.26.0_rc2) 13.2.0
Copyright (C) 2023 Free Software Foundation, Inc.
This is free software; see the source for copying conditions.  There is NO
warranty; not even for MERCHANTABILITY or FITNESS FOR A PARTICULAR PURPOSE.

Detecting C compiler ABI info compiled with the following output:
Change Dir: /home/zee/ITI_Files/linux/Embedded-Linux/EmbeddedLinux/4_U-boot_BareMetal/build/CMakeFiles/CMakeTmp

Run Build Command(s):/usr/bin/gmake -f Makefile cmTC_5b906/fast && /usr/bin/gmake  -f CMakeFiles/cmTC_5b906.dir/build.make CMakeFiles/cmTC_5b906.dir/build
gmake[1]: Entering directory '/home/zee/ITI_Files/linux/Embedded-Linux/EmbeddedLinux/4_U-boot_BareMetal/build/CMakeFiles/CMakeTmp'
Building C object CMakeFiles/cmTC_5b906.dir/CMakeCCompilerABI.c.obj
/home/zee/x-tools/aarch64-rpi3-linux-gnu/bin/aarch64-rpi3-linux-gnu-gcc   -v -o CMakeFiles/cmTC_5b906.dir/CMakeCCompilerABI.c.obj -c /usr/share/cmake-3.22/Modules/CMakeCCompilerABI.c
Using built-in specs.
COLLECT_GCC=/home/zee/x-tools/aarch64-rpi3-linux-gnu/bin/aarch64-rpi3-linux-gnu-gcc
Target: aarch64-rpi3-linux-gnu
Configured with: /home/zee/crosstool-ng/.build/aarch64-rpi3-linux-gnu/src/gcc/configure --build=x86_64-build_pc-linux-gnu --host=x86_64-build_pc-linux-gnu --target=aarch64-rpi3-linux-gnu --prefix=/home/zee/x-tools/aarch64-rpi3-linux-gnu --exec_prefix=/home/zee/x-tools/aarch64-rpi3-linux-gnu --with-sysroot=/home/zee/x-tools/aarch64-rpi3-linux-gnu/aarch64-rpi3-linux-gnu/sysroot --enable-languages=c,c++ --with-cpu=cortex-a53 --with-pkgversion='crosstool-NG 1.26.0_rc2' --enable-__cxa_atexit --disable-libmudflap --disable-libgomp --disable-libssp --disable-libquadmath --disable-libquadmath-support --disable-libsanitizer --disable-libmpx --with-gmp=/home/zee/crosstool-ng/.build/aarch64-rpi3-linux-gnu/buildtools --with-mpfr=/home/zee/crosstool-ng/.build/aarch64-rpi3-linux-gnu/buildtools --with-mpc=/home/zee/crosstool-ng/.build/aarch64-rpi3-linux-gnu/buildtools --with-isl=/home/zee/crosstool-ng/.build/aarch64-rpi3-linux-gnu/buildtools --enable-lto --enable-threads=posix --enable-target-optspace --enable-plugin --enable-gold --disable-nls --disable-multilib --with-local-prefix=/home/zee/x-tools/aarch64-rpi3-linux-gnu/aarch64-rpi3-linux-gnu/sysroot --enable-long-long
Thread model: posix
Supported LTO compression algorithms: zlib zstd
gcc version 13.2.0 (crosstool-NG 1.26.0_rc2) 
COLLECT_GCC_OPTIONS='-v' '-o' 'CMakeFiles/cmTC_5b906.dir/CMakeCCompilerABI.c.obj' '-c' '-mcpu=cortex-a53' '-mlittle-endian' '-mabi=lp64' '-dumpdir' 'CMakeFiles/cmTC_5b906.dir/'
 /home/zee/x-tools/aarch64-rpi3-linux-gnu/libexec/gcc/aarch64-rpi3-linux-gnu/13.2.0/cc1 -quiet -v /usr/share/cmake-3.22/Modules/CMakeCCompilerABI.c -quiet -dumpdir CMakeFiles/cmTC_5b906.dir/ -dumpbase CMakeCCompilerABI.c.c -dumpbase-ext .c -mcpu=cortex-a53 -mlittle-endian -mabi=lp64 -version -o /tmp/ccxGtTna.s
GNU C17 (crosstool-NG 1.26.0_rc2) version 13.2.0 (aarch64-rpi3-linux-gnu)
	compiled by GNU C version 11.4.0, GMP version 6.2.1, MPFR version 4.2.1, MPC version 1.2.1, isl version isl-0.26-GMP

GGC heuristics: --param ggc-min-expand=100 --param ggc-min-heapsize=131072
ignoring nonexistent directory "/home/zee/x-tools/aarch64-rpi3-linux-gnu/aarch64-rpi3-linux-gnu/sysroot/home/zee/x-tools/aarch64-rpi3-linux-gnu/aarch64-rpi3-linux-gnu/sysroot/include"
#include "..." search starts here:
#include <...> search starts here:
 /home/zee/x-tools/aarch64-rpi3-linux-gnu/lib/gcc/aarch64-rpi3-linux-gnu/13.2.0/include
 /home/zee/x-tools/aarch64-rpi3-linux-gnu/lib/gcc/aarch64-rpi3-linux-gnu/13.2.0/include-fixed
 /home/zee/x-tools/aarch64-rpi3-linux-gnu/lib/gcc/aarch64-rpi3-linux-gnu/13.2.0/../../../../aarch64-rpi3-linux-gnu/include
 /home/zee/x-tools/aarch64-rpi3-linux-gnu/aarch64-rpi3-linux-gnu/sysroot/usr/include
End of search list.
Compiler executable checksum: 20c44d86480f2cb88eaedcaf06f2b75b
COLLECT_GCC_OPTIONS='-v' '-o' 'CMakeFiles/cmTC_5b906.dir/CMakeCCompilerABI.c.obj' '-c' '-mcpu=cortex-a53' '-mlittle-endian' '-mabi=lp64' '-dumpdir' 'CMakeFiles/cmTC_5b906.dir/'
 /home/zee/x-tools/aarch64-rpi3-linux-gnu/lib/gcc/aarch64-rpi3-linux-gnu/13.2.0/../../../../aarch64-rpi3-linux-gnu/bin/as -v -EL -march=armv8-a+crc -mabi=lp64 -o CMakeFiles/cmTC_5b906.dir/CMakeCCompilerABI.c.obj /tmp/ccxGtTna.s
GNU assembler version 2.40 (aarch64-rpi3-linux-gnu) using BFD version (crosstool-NG 1.26.0_rc2) 2.40
COMPILER_PATH=/home/zee/x-tools/aarch64-rpi3-linux-gnu/libexec/gcc/aarch64-rpi3-linux-gnu/13.2.0/:/home/zee/x-tools/aarch64-rpi3-linux-gnu/libexec/gcc/aarch64-rpi3-linux-gnu/13.2.0/:/home/zee/x-tools/aarch64-rpi3-linux-gnu/libexec/gcc/aarch64-rpi3-linux-gnu/:/home/zee/x-tools/aarch64-rpi3-linux-gnu/lib/gcc/aarch64-rpi3-linux-gnu/13.2.0/:/home/zee/x-tools/aarch64-rpi3-linux-gnu/lib/gcc/aarch64-rpi3-linux-gnu/:/home/zee/x-tools/aarch64-rpi3-linux-gnu/lib/gcc/aarch64-rpi3-linux-gnu/13.2.0/../../../../aarch64-rpi3-linux-gnu/bin/
LIBRARY_PATH=/home/zee/x-tools/aarch64-rpi3-linux-gnu/lib/gcc/aarch64-rpi3-linux-gnu/13.2.0/:/home/zee/x-tools/aarch64-rpi3-linux-gnu/lib/gcc/aarch64-rpi3-linux-gnu/13.2.0/../../../../aarch64-rpi3-linux-gnu/lib/../lib64/:/home/zee/x-tools/aarch64-rpi3-linux-gnu/aarch64-rpi3-linux-gnu/sysroot/lib/../lib64/:/home/zee/x-tools/aarch64-rpi3-linux-gnu/aarch64-rpi3-linux-gnu/sysroot/usr/lib/../lib64/:/home/zee/x-tools/aarch64-rpi3-linux-gnu/lib/gcc/aarch64-rpi3-linux-gnu/13.2.0/../../../../aarch64-rpi3-linux-gnu/lib/:/home/zee/x-tools/aarch64-rpi3-linux-gnu/aarch64-rpi3-linux-gnu/sysroot/lib/:/home/zee/x-tools/aarch64-rpi3-linux-gnu/aarch64-rpi3-linux-gnu/sysroot/usr/lib/
COLLECT_GCC_OPTIONS='-v' '-o' 'CMakeFiles/cmTC_5b906.dir/CMakeCCompilerABI.c.obj' '-c' '-mcpu=cortex-a53' '-mlittle-endian' '-mabi=lp64' '-dumpdir' 'CMakeFiles/cmTC_5b906.dir/CMakeCCompilerABI.c.'
Linking C static library libcmTC_5b906.a
/usr/bin/cmake -P CMakeFiles/cmTC_5b906.dir/cmake_clean_target.cmake
/usr/bin/cmake -E cmake_link_script CMakeFiles/cmTC_5b906.dir/link.txt --verbose=1
/usr/bin/ar qc libcmTC_5b906.a CMakeFiles/cmTC_5b906.dir/CMakeCCompilerABI.c.obj
/usr/bin/ranlib libcmTC_5b906.a
gmake[1]: Leaving directory '/home/zee/ITI_Files/linux/Embedded-Linux/EmbeddedLinux/4_U-boot_BareMetal/build/CMakeFiles/CMakeTmp'



Parsed C implicit include dir info from above output: rv=done
  found start of include info
  found start of implicit include info
    add: [/home/zee/x-tools/aarch64-rpi3-linux-gnu/lib/gcc/aarch64-rpi3-linux-gnu/13.2.0/include]
    add: [/home/zee/x-tools/aarch64-rpi3-linux-gnu/lib/gcc/aarch64-rpi3-linux-gnu/13.2.0/include-fixed]
    add: [/home/zee/x-tools/aarch64-rpi3-linux-gnu/lib/gcc/aarch64-rpi3-linux-gnu/13.2.0/../../../../aarch64-rpi3-linux-gnu/include]
    add: [/home/zee/x-tools/aarch64-rpi3-linux-gnu/aarch64-rpi3-linux-gnu/sysroot/usr/include]
  end of search list found
  collapse include dir [/home/zee/x-tools/aarch64-rpi3-linux-gnu/lib/gcc/aarch64-rpi3-linux-gnu/13.2.0/include] ==> [/home/zee/x-tools/aarch64-rpi3-linux-gnu/lib/gcc/aarch64-rpi3-linux-gnu/13.2.0/include]
  collapse include dir [/home/zee/x-tools/aarch64-rpi3-linux-gnu/lib/gcc/aarch64-rpi3-linux-gnu/13.2.0/include-fixed] ==> [/home/zee/x-tools/aarch64-rpi3-linux-gnu/lib/gcc/aarch64-rpi3-linux-gnu/13.2.0/include-fixed]
  collapse include dir [/home/zee/x-tools/aarch64-rpi3-linux-gnu/lib/gcc/aarch64-rpi3-linux-gnu/13.2.0/../../../../aarch64-rpi3-linux-gnu/include] ==> [/home/zee/x-tools/aarch64-rpi3-linux-gnu/aarch64-rpi3-linux-gnu/include]
  collapse include dir [/home/zee/x-tools/aarch64-rpi3-linux-gnu/aarch64-rpi3-linux-gnu/sysroot/usr/include] ==> [/home/zee/x-tools/aarch64-rpi3-linux-gnu/aarch64-rpi3-linux-gnu/sysroot/usr/include]
  implicit include dirs: [/home/zee/x-tools/aarch64-rpi3-linux-gnu/lib/gcc/aarch64-rpi3-linux-gnu/13.2.0/include;/home/zee/x-tools/aarch64-rpi3-linux-gnu/lib/gcc/aarch64-rpi3-linux-gnu/13.2.0/include-fixed;/home/zee/x-tools/aarch64-rpi3-linux-gnu/aarch64-rpi3-linux-gnu/include;/home/zee/x-tools/aarch64-rpi3-linux-gnu/aarch64-rpi3-linux-gnu/sysroot/usr/include]


Parsed C implicit link information from above output:
  link line regex: [^( *|.*[/\])(ld|CMAKE_LINK_STARTFILE-NOTFOUND|([^/\]+-)?ld|collect2)[^/\]*( |$)]
  ignore line: [Change Dir: /home/zee/ITI_Files/linux/Embedded-Linux/EmbeddedLinux/4_U-boot_BareMetal/build/CMakeFiles/CMakeTmp]
  ignore line: []
  ignore line: [Run Build Command(s):/usr/bin/gmake -f Makefile cmTC_5b906/fast && /usr/bin/gmake  -f CMakeFiles/cmTC_5b906.dir/build.make CMakeFiles/cmTC_5b906.dir/build]
  ignore line: [gmake[1]: Entering directory '/home/zee/ITI_Files/linux/Embedded-Linux/EmbeddedLinux/4_U-boot_BareMetal/build/CMakeFiles/CMakeTmp']
  ignore line: [Building C object CMakeFiles/cmTC_5b906.dir/CMakeCCompilerABI.c.obj]
  ignore line: [/home/zee/x-tools/aarch64-rpi3-linux-gnu/bin/aarch64-rpi3-linux-gnu-gcc   -v -o CMakeFiles/cmTC_5b906.dir/CMakeCCompilerABI.c.obj -c /usr/share/cmake-3.22/Modules/CMakeCCompilerABI.c]
  ignore line: [Using built-in specs.]
  ignore line: [COLLECT_GCC=/home/zee/x-tools/aarch64-rpi3-linux-gnu/bin/aarch64-rpi3-linux-gnu-gcc]
  ignore line: [Target: aarch64-rpi3-linux-gnu]
  ignore line: [Configured with: /home/zee/crosstool-ng/.build/aarch64-rpi3-linux-gnu/src/gcc/configure --build=x86_64-build_pc-linux-gnu --host=x86_64-build_pc-linux-gnu --target=aarch64-rpi3-linux-gnu --prefix=/home/zee/x-tools/aarch64-rpi3-linux-gnu --exec_prefix=/home/zee/x-tools/aarch64-rpi3-linux-gnu --with-sysroot=/home/zee/x-tools/aarch64-rpi3-linux-gnu/aarch64-rpi3-linux-gnu/sysroot --enable-languages=c c++ --with-cpu=cortex-a53 --with-pkgversion='crosstool-NG 1.26.0_rc2' --enable-__cxa_atexit --disable-libmudflap --disable-libgomp --disable-libssp --disable-libquadmath --disable-libquadmath-support --disable-libsanitizer --disable-libmpx --with-gmp=/home/zee/crosstool-ng/.build/aarch64-rpi3-linux-gnu/buildtools --with-mpfr=/home/zee/crosstool-ng/.build/aarch64-rpi3-linux-gnu/buildtools --with-mpc=/home/zee/crosstool-ng/.build/aarch64-rpi3-linux-gnu/buildtools --with-isl=/home/zee/crosstool-ng/.build/aarch64-rpi3-linux-gnu/buildtools --enable-lto --enable-threads=posix --enable-target-optspace --enable-plugin --enable-gold --disable-nls --disable-multilib --with-local-prefix=/home/zee/x-tools/aarch64-rpi3-linux-gnu/aarch64-rpi3-linux-gnu/sysroot --enable-long-long]
  ignore line: [Thread model: posix]
  ignore line: [Supported LTO compression algorithms: zlib zstd]
  ignore line: [gcc version 13.2.0 (crosstool-NG 1.26.0_rc2) ]
  ignore line: [COLLECT_GCC_OPTIONS='-v' '-o' 'CMakeFiles/cmTC_5b906.dir/CMakeCCompilerABI.c.obj' '-c' '-mcpu=cortex-a53' '-mlittle-endian' '-mabi=lp64' '-dumpdir' 'CMakeFiles/cmTC_5b906.dir/']
  ignore line: [ /home/zee/x-tools/aarch64-rpi3-linux-gnu/libexec/gcc/aarch64-rpi3-linux-gnu/13.2.0/cc1 -quiet -v /usr/share/cmake-3.22/Modules/CMakeCCompilerABI.c -quiet -dumpdir CMakeFiles/cmTC_5b906.dir/ -dumpbase CMakeCCompilerABI.c.c -dumpbase-ext .c -mcpu=cortex-a53 -mlittle-endian -mabi=lp64 -version -o /tmp/ccxGtTna.s]
  ignore line: [GNU C17 (crosstool-NG 1.26.0_rc2) version 13.2.0 (aarch64-rpi3-linux-gnu)]
  ignore line: [	compiled by GNU C version 11.4.0  GMP version 6.2.1  MPFR version 4.2.1  MPC version 1.2.1  isl version isl-0.26-GMP]
  ignore line: []
  ignore line: [GGC heuristics: --param ggc-min-expand=100 --param ggc-min-heapsize=131072]
  ignore line: [ignoring nonexistent directory "/home/zee/x-tools/aarch64-rpi3-linux-gnu/aarch64-rpi3-linux-gnu/sysroot/home/zee/x-tools/aarch64-rpi3-linux-gnu/aarch64-rpi3-linux-gnu/sysroot/include"]
  ignore line: [#include "..." search starts here:]
  ignore line: [#include <...> search starts here:]
  ignore line: [ /home/zee/x-tools/aarch64-rpi3-linux-gnu/lib/gcc/aarch64-rpi3-linux-gnu/13.2.0/include]
  ignore line: [ /home/zee/x-tools/aarch64-rpi3-linux-gnu/lib/gcc/aarch64-rpi3-linux-gnu/13.2.0/include-fixed]
  ignore line: [ /home/zee/x-tools/aarch64-rpi3-linux-gnu/lib/gcc/aarch64-rpi3-linux-gnu/13.2.0/../../../../aarch64-rpi3-linux-gnu/include]
  ignore line: [ /home/zee/x-tools/aarch64-rpi3-linux-gnu/aarch64-rpi3-linux-gnu/sysroot/usr/include]
  ignore line: [End of search list.]
  ignore line: [Compiler executable checksum: 20c44d86480f2cb88eaedcaf06f2b75b]
  ignore line: [COLLECT_GCC_OPTIONS='-v' '-o' 'CMakeFiles/cmTC_5b906.dir/CMakeCCompilerABI.c.obj' '-c' '-mcpu=cortex-a53' '-mlittle-endian' '-mabi=lp64' '-dumpdir' 'CMakeFiles/cmTC_5b906.dir/']
  ignore line: [ /home/zee/x-tools/aarch64-rpi3-linux-gnu/lib/gcc/aarch64-rpi3-linux-gnu/13.2.0/../../../../aarch64-rpi3-linux-gnu/bin/as -v -EL -march=armv8-a+crc -mabi=lp64 -o CMakeFiles/cmTC_5b906.dir/CMakeCCompilerABI.c.obj /tmp/ccxGtTna.s]
  ignore line: [GNU assembler version 2.40 (aarch64-rpi3-linux-gnu) using BFD version (crosstool-NG 1.26.0_rc2) 2.40]
  ignore line: [COMPILER_PATH=/home/zee/x-tools/aarch64-rpi3-linux-gnu/libexec/gcc/aarch64-rpi3-linux-gnu/13.2.0/:/home/zee/x-tools/aarch64-rpi3-linux-gnu/libexec/gcc/aarch64-rpi3-linux-gnu/13.2.0/:/home/zee/x-tools/aarch64-rpi3-linux-gnu/libexec/gcc/aarch64-rpi3-linux-gnu/:/home/zee/x-tools/aarch64-rpi3-linux-gnu/lib/gcc/aarch64-rpi3-linux-gnu/13.2.0/:/home/zee/x-tools/aarch64-rpi3-linux-gnu/lib/gcc/aarch64-rpi3-linux-gnu/:/home/zee/x-tools/aarch64-rpi3-linux-gnu/lib/gcc/aarch64-rpi3-linux-gnu/13.2.0/../../../../aarch64-rpi3-linux-gnu/bin/]
  ignore line: [LIBRARY_PATH=/home/zee/x-tools/aarch64-rpi3-linux-gnu/lib/gcc/aarch64-rpi3-linux-gnu/13.2.0/:/home/zee/x-tools/aarch64-rpi3-linux-gnu/lib/gcc/aarch64-rpi3-linux-gnu/13.2.0/../../../../aarch64-rpi3-linux-gnu/lib/../lib64/:/home/zee/x-tools/aarch64-rpi3-linux-gnu/aarch64-rpi3-linux-gnu/sysroot/lib/../lib64/:/home/zee/x-tools/aarch64-rpi3-linux-gnu/aarch64-rpi3-linux-gnu/sysroot/usr/lib/../lib64/:/home/zee/x-tools/aarch64-rpi3-linux-gnu/lib/gcc/aarch64-rpi3-linux-gnu/13.2.0/../../../../aarch64-rpi3-linux-gnu/lib/:/home/zee/x-tools/aarch64-rpi3-linux-gnu/aarch64-rpi3-linux-gnu/sysroot/lib/:/home/zee/x-tools/aarch64-rpi3-linux-gnu/aarch64-rpi3-linux-gnu/sysroot/usr/lib/]
  ignore line: [COLLECT_GCC_OPTIONS='-v' '-o' 'CMakeFiles/cmTC_5b906.dir/CMakeCCompilerABI.c.obj' '-c' '-mcpu=cortex-a53' '-mlittle-endian' '-mabi=lp64' '-dumpdir' 'CMakeFiles/cmTC_5b906.dir/CMakeCCompilerABI.c.']
  ignore line: [Linking C static library libcmTC_5b906.a]
  ignore line: [/usr/bin/cmake -P CMakeFiles/cmTC_5b906.dir/cmake_clean_target.cmake]
  ignore line: [/usr/bin/cmake -E cmake_link_script CMakeFiles/cmTC_5b906.dir/link.txt --verbose=1]
  ignore line: [/usr/bin/ar qc libcmTC_5b906.a CMakeFiles/cmTC_5b906.dir/CMakeCCompilerABI.c.obj]
  ignore line: [/usr/bin/ranlib libcmTC_5b906.a]
  ignore line: [gmake[1]: Leaving directory '/home/zee/ITI_Files/linux/Embedded-Linux/EmbeddedLinux/4_U-boot_BareMetal/build/CMakeFiles/CMakeTmp']
  ignore line: []
  ignore line: []
  implicit libs: []
  implicit objs: []
  implicit dirs: []
  implicit fwks: []


